2025-08-27 08:30:53,958 - INFO - context_portal_mcp.main - File logging configured to: D:\Gawean Rebinmas\Monitoring Database\Laporan_Ifess_beda_transno\all_transaksi\context_portal\./logs/conport.log
2025-08-27 08:30:53,958 - INFO - context_portal_mcp.main - Parsed CLI args: Namespace(host='127.0.0.1', port=8000, workspace_id='D:\\Gawean Rebinmas\\Monitoring Database\\Laporan_Ifess_beda_transno\\all_transaksi', mode='stdio', log_file='./logs/conport.log', log_level='INFO')
2025-08-27 08:30:53,958 - INFO - context_portal_mcp.main - Starting ConPort in STDIO mode using FastMCP for initial CLI arg workspace_id: D:\Gawean Rebinmas\Monitoring Database\Laporan_Ifess_beda_transno\all_transaksi
2025-08-27 08:30:53,958 - INFO - context_portal_mcp.main - Pre-warming database connection for workspace: D:\Gawean Rebinmas\Monitoring Database\Laporan_Ifess_beda_transno\all_transaksi
2025-08-27 08:30:53,972 - INFO - context_portal_mcp.db.database - Alembic.ini not found. Creating at D:\Gawean Rebinmas\Monitoring Database\Laporan_Ifess_beda_transno\all_transaksi\context_portal\alembic.ini
2025-08-27 08:30:53,972 - INFO - context_portal_mcp.db.database - Alembic env.py not found. Creating at D:\Gawean Rebinmas\Monitoring Database\Laporan_Ifess_beda_transno\all_transaksi\context_portal\alembic\env.py
2025-08-27 08:30:53,979 - INFO - context_portal_mcp.db.database - Initial schema not found. Creating at D:\Gawean Rebinmas\Monitoring Database\Laporan_Ifess_beda_transno\all_transaksi\context_portal\alembic\versions\2025_06_17_initial_schema.py
2025-08-27 08:30:53,998 - INFO - context_portal_mcp.db.database - Alembic: Script directory D:\Gawean Rebinmas\Monitoring Database\Laporan_Ifess_beda_transno\all_transaksi\context_portal\alembic confirmed to exist by Python.
2025-08-27 08:30:53,998 - INFO - context_portal_mcp.db.database - Running Alembic migrations for database: D:\Gawean Rebinmas\Monitoring Database\Laporan_Ifess_beda_transno\all_transaksi\context_portal\context.db
2025-08-27 08:32:27,958 - INFO - context_portal_mcp.main - File logging configured to: D:\Gawean Rebinmas\Monitoring Database\Laporan_Ifess_beda_transno\all_transaksi\context_portal\./logs/conport.log
2025-08-27 08:32:27,958 - INFO - context_portal_mcp.main - Parsed CLI args: Namespace(host='127.0.0.1', port=8000, workspace_id='D:\\Gawean Rebinmas\\Monitoring Database\\Laporan_Ifess_beda_transno\\all_transaksi', mode='stdio', log_file='./logs/conport.log', log_level='INFO')
2025-08-27 08:32:27,958 - INFO - context_portal_mcp.main - Starting ConPort in STDIO mode using FastMCP for initial CLI arg workspace_id: D:\Gawean Rebinmas\Monitoring Database\Laporan_Ifess_beda_transno\all_transaksi
2025-08-27 08:32:27,958 - INFO - context_portal_mcp.main - Pre-warming database connection for workspace: D:\Gawean Rebinmas\Monitoring Database\Laporan_Ifess_beda_transno\all_transaksi
2025-08-27 08:32:27,967 - INFO - context_portal_mcp.db.database - Alembic: Script directory D:\Gawean Rebinmas\Monitoring Database\Laporan_Ifess_beda_transno\all_transaksi\context_portal\alembic confirmed to exist by Python.
2025-08-27 08:32:27,967 - INFO - context_portal_mcp.db.database - Running Alembic migrations for database: D:\Gawean Rebinmas\Monitoring Database\Laporan_Ifess_beda_transno\all_transaksi\context_portal\context.db
2025-08-27 16:23:11,256 - INFO - context_portal_mcp.main - File logging configured to: D:\Gawean Rebinmas\Monitoring Database\Laporan_Ifess_beda_transno\all_transaksi\context_portal\./logs/conport.log
2025-08-27 16:23:11,256 - INFO - context_portal_mcp.main - Parsed CLI args: Namespace(host='127.0.0.1', port=8000, workspace_id='D:\\Gawean Rebinmas\\Monitoring Database\\Laporan_Ifess_beda_transno\\all_transaksi', mode='stdio', log_file='./logs/conport.log', log_level='INFO')
2025-08-27 16:23:11,256 - INFO - context_portal_mcp.main - Starting ConPort in STDIO mode using FastMCP for initial CLI arg workspace_id: D:\Gawean Rebinmas\Monitoring Database\Laporan_Ifess_beda_transno\all_transaksi
2025-08-27 16:23:11,256 - INFO - context_portal_mcp.main - Pre-warming database connection for workspace: D:\Gawean Rebinmas\Monitoring Database\Laporan_Ifess_beda_transno\all_transaksi
2025-08-27 16:23:11,256 - INFO - context_portal_mcp.db.database - Alembic: Script directory D:\Gawean Rebinmas\Monitoring Database\Laporan_Ifess_beda_transno\all_transaksi\context_portal\alembic confirmed to exist by Python.
2025-08-27 16:23:11,256 - INFO - context_portal_mcp.db.database - Running Alembic migrations for database: D:\Gawean Rebinmas\Monitoring Database\Laporan_Ifess_beda_transno\all_transaksi\context_portal\context.db
2025-09-28 09:37:07,055 - INFO - context_portal_mcp.main - File logging configured to: D:\Gawean Rebinmas\Monitoring Database\Laporan_Ifess_beda_transno\all_transaksi\context_portal\./logs/conport.log
2025-09-28 09:37:07,056 - INFO - context_portal_mcp.core.config - Database filename set to: context.db
2025-09-28 09:37:07,056 - INFO - context_portal_mcp.main - Using database filename: context.db
2025-09-28 09:37:07,056 - INFO - context_portal_mcp.main - Parsed CLI args: Namespace(host='127.0.0.1', port=8000, workspace_id='D:\\Gawean Rebinmas\\Monitoring Database\\Laporan_Ifess_beda_transno\\all_transaksi', auto_detect_workspace=True, workspace_search_start=None, no_auto_detect=False, mode='stdio', log_file='./logs/conport.log', db_path=None, base_path=None, db_filename='context.db', log_level='INFO')
2025-09-28 09:37:07,056 - INFO - context_portal_mcp.main - Starting ConPort in STDIO mode with workspace detection enabled
2025-09-28 09:37:07,058 - WARNING - context_portal_mcp.core.workspace_detector - No workspace indicators found, using start path: C:\Users\nbgmf
2025-09-28 09:37:07,058 - INFO - context_portal_mcp.main - Workspace detection details: {'start_path': 'C:\\Users\\nbgmf', 'detected_workspace': 'C:\\Users\\nbgmf', 'context_portal_path': 'C:\\Users\\nbgmf\\context_portal', 'detection_method': 'fallback', 'indicators_found': [], 'environment_variables': {'VSCODE_WORKSPACE_FOLDER': None, 'CONPORT_WORKSPACE': None, 'PWD': None, 'CWD': 'C:\\Users\\nbgmf'}}
2025-09-28 09:37:07,058 - INFO - context_portal_mcp.main - Effective workspace ID: D:\Gawean Rebinmas\Monitoring Database\Laporan_Ifess_beda_transno\all_transaksi
2025-09-28 09:37:07,058 - INFO - context_portal_mcp.main - Pre-warming database connection for workspace: D:\Gawean Rebinmas\Monitoring Database\Laporan_Ifess_beda_transno\all_transaksi
2025-09-28 09:37:07,060 - INFO - context_portal_mcp.db.database - Alembic: Script directory D:\Gawean Rebinmas\Monitoring Database\Laporan_Ifess_beda_transno\all_transaksi\context_portal\alembic confirmed to exist by Python.
2025-09-28 09:37:07,060 - INFO - context_portal_mcp.db.database - Running Alembic migrations for database: D:\Gawean Rebinmas\Monitoring Database\Laporan_Ifess_beda_transno\all_transaksi\context_portal\context.db
2025-09-29 08:58:40,985 - INFO - context_portal_mcp.main - File logging configured to: D:\Gawean Rebinmas\Monitoring Database\Laporan_Ifess_beda_transno\all_transaksi\context_portal\./logs/conport.log
2025-09-29 08:58:40,987 - INFO - context_portal_mcp.core.config - Database filename set to: context.db
2025-09-29 08:58:40,988 - INFO - context_portal_mcp.main - Using database filename: context.db
2025-09-29 08:58:40,988 - INFO - context_portal_mcp.main - Parsed CLI args: Namespace(host='127.0.0.1', port=8000, workspace_id='D:\\Gawean Rebinmas\\Monitoring Database\\Laporan_Ifess_beda_transno\\all_transaksi', auto_detect_workspace=True, workspace_search_start=None, no_auto_detect=False, mode='stdio', log_file='./logs/conport.log', db_path=None, base_path=None, db_filename='context.db', log_level='INFO')
2025-09-29 08:58:40,989 - INFO - context_portal_mcp.main - Starting ConPort in STDIO mode with workspace detection enabled
2025-09-29 08:58:40,993 - WARNING - context_portal_mcp.core.workspace_detector - No workspace indicators found, using start path: C:\Users\nbgmf
2025-09-29 08:58:40,995 - INFO - context_portal_mcp.main - Workspace detection details: {'start_path': 'C:\\Users\\nbgmf', 'detected_workspace': 'C:\\Users\\nbgmf', 'context_portal_path': 'C:\\Users\\nbgmf\\context_portal', 'detection_method': 'fallback', 'indicators_found': [], 'environment_variables': {'VSCODE_WORKSPACE_FOLDER': None, 'CONPORT_WORKSPACE': None, 'PWD': None, 'CWD': 'C:\\Users\\nbgmf'}}
2025-09-29 08:58:40,996 - INFO - context_portal_mcp.main - Effective workspace ID: D:\Gawean Rebinmas\Monitoring Database\Laporan_Ifess_beda_transno\all_transaksi
2025-09-29 08:58:40,997 - INFO - context_portal_mcp.main - Pre-warming database connection for workspace: D:\Gawean Rebinmas\Monitoring Database\Laporan_Ifess_beda_transno\all_transaksi
2025-09-29 08:58:41,002 - INFO - context_portal_mcp.db.database - Alembic: Script directory D:\Gawean Rebinmas\Monitoring Database\Laporan_Ifess_beda_transno\all_transaksi\context_portal\alembic confirmed to exist by Python.
2025-09-29 08:58:41,002 - INFO - context_portal_mcp.db.database - Running Alembic migrations for database: D:\Gawean Rebinmas\Monitoring Database\Laporan_Ifess_beda_transno\all_transaksi\context_portal\context.db
2025-10-24 14:21:43,283 - INFO - context_portal_mcp.main - File logging configured to: D:\Gawean Rebinmas\Monitoring Database\Laporan_Ifess_beda_transno\all_transaksi\context_portal\./logs/conport.log
2025-10-24 14:21:43,283 - INFO - context_portal_mcp.core.config - Database filename set to: context.db
2025-10-24 14:21:43,283 - INFO - context_portal_mcp.main - Using database filename: context.db
2025-10-24 14:21:43,283 - INFO - context_portal_mcp.main - Parsed CLI args: Namespace(host='127.0.0.1', port=8000, workspace_id='D:\\Gawean Rebinmas\\Monitoring Database\\Laporan_Ifess_beda_transno\\all_transaksi', auto_detect_workspace=True, workspace_search_start=None, no_auto_detect=False, mode='stdio', log_file='./logs/conport.log', db_path=None, base_path=None, db_filename='context.db', log_level='INFO')
2025-10-24 14:21:43,283 - INFO - context_portal_mcp.main - Starting ConPort in STDIO mode with workspace detection enabled
2025-10-24 14:21:43,283 - WARNING - context_portal_mcp.core.workspace_detector - No workspace indicators found, using start path: C:\Users\nbgmf
2025-10-24 14:21:43,283 - INFO - context_portal_mcp.main - Workspace detection details: {'start_path': 'C:\\Users\\nbgmf', 'detected_workspace': 'C:\\Users\\nbgmf', 'context_portal_path': 'C:\\Users\\nbgmf\\context_portal', 'detection_method': 'fallback', 'indicators_found': [], 'environment_variables': {'VSCODE_WORKSPACE_FOLDER': None, 'CONPORT_WORKSPACE': None, 'PWD': None, 'CWD': 'C:\\Users\\nbgmf'}}
2025-10-24 14:21:43,283 - INFO - context_portal_mcp.main - Effective workspace ID: D:\Gawean Rebinmas\Monitoring Database\Laporan_Ifess_beda_transno\all_transaksi
2025-10-24 14:21:43,283 - INFO - context_portal_mcp.main - Pre-warming database connection for workspace: D:\Gawean Rebinmas\Monitoring Database\Laporan_Ifess_beda_transno\all_transaksi
2025-10-24 14:21:43,283 - INFO - context_portal_mcp.db.database - Alembic: Script directory D:\Gawean Rebinmas\Monitoring Database\Laporan_Ifess_beda_transno\all_transaksi\context_portal\alembic confirmed to exist by Python.
2025-10-24 14:21:43,283 - INFO - context_portal_mcp.db.database - Running Alembic migrations for database: D:\Gawean Rebinmas\Monitoring Database\Laporan_Ifess_beda_transno\all_transaksi\context_portal\context.db
2025-10-27 08:10:37,105 - INFO - context_portal_mcp.main - File logging configured to: D:\Gawean Rebinmas\Monitoring Database\Laporan_Ifess_beda_transno\all_transaksi\context_portal\./logs/conport.log
2025-10-27 08:10:37,105 - INFO - context_portal_mcp.core.config - Database filename set to: context.db
2025-10-27 08:10:37,106 - INFO - context_portal_mcp.main - Using database filename: context.db
2025-10-27 08:10:37,106 - INFO - context_portal_mcp.main - Parsed CLI args: Namespace(host='127.0.0.1', port=8000, workspace_id='D:\\Gawean Rebinmas\\Monitoring Database\\Laporan_Ifess_beda_transno\\all_transaksi', auto_detect_workspace=True, workspace_search_start=None, no_auto_detect=False, mode='stdio', log_file='./logs/conport.log', db_path=None, base_path=None, db_filename='context.db', log_level='INFO')
2025-10-27 08:10:37,106 - INFO - context_portal_mcp.main - Starting ConPort in STDIO mode with workspace detection enabled
2025-10-27 08:10:37,108 - WARNING - context_portal_mcp.core.workspace_detector - No workspace indicators found, using start path: C:\Users\nbgmf
2025-10-27 08:10:37,108 - INFO - context_portal_mcp.main - Workspace detection details: {'start_path': 'C:\\Users\\nbgmf', 'detected_workspace': 'C:\\Users\\nbgmf', 'context_portal_path': 'C:\\Users\\nbgmf\\context_portal', 'detection_method': 'fallback', 'indicators_found': [], 'environment_variables': {'VSCODE_WORKSPACE_FOLDER': None, 'CONPORT_WORKSPACE': None, 'PWD': None, 'CWD': 'C:\\Users\\nbgmf'}}
2025-10-27 08:10:37,108 - INFO - context_portal_mcp.main - Effective workspace ID: D:\Gawean Rebinmas\Monitoring Database\Laporan_Ifess_beda_transno\all_transaksi
2025-10-27 08:10:37,109 - INFO - context_portal_mcp.main - Pre-warming database connection for workspace: D:\Gawean Rebinmas\Monitoring Database\Laporan_Ifess_beda_transno\all_transaksi
2025-10-27 08:10:37,110 - INFO - context_portal_mcp.db.database - Alembic: Script directory D:\Gawean Rebinmas\Monitoring Database\Laporan_Ifess_beda_transno\all_transaksi\context_portal\alembic confirmed to exist by Python.
2025-10-27 08:10:37,110 - INFO - context_portal_mcp.db.database - Running Alembic migrations for database: D:\Gawean Rebinmas\Monitoring Database\Laporan_Ifess_beda_transno\all_transaksi\context_portal\context.db
2025-10-28 14:26:58,255 - INFO - context_portal_mcp.main - File logging configured to: D:\Gawean Rebinmas\Monitoring Database\Laporan_Ifess_beda_transno\all_transaksi\context_portal\./logs/conport.log
2025-10-28 14:26:58,271 - INFO - context_portal_mcp.core.config - Database filename set to: context.db
2025-10-28 14:26:58,271 - INFO - context_portal_mcp.main - Using database filename: context.db
2025-10-28 14:26:58,271 - INFO - context_portal_mcp.main - Parsed CLI args: Namespace(host='127.0.0.1', port=8000, workspace_id='D:\\Gawean Rebinmas\\Monitoring Database\\Laporan_Ifess_beda_transno\\all_transaksi', auto_detect_workspace=True, workspace_search_start=None, no_auto_detect=False, mode='stdio', log_file='./logs/conport.log', db_path=None, base_path=None, db_filename='context.db', log_level='INFO')
2025-10-28 14:26:58,271 - INFO - context_portal_mcp.main - Starting ConPort in STDIO mode with workspace detection enabled
2025-10-28 14:26:58,271 - WARNING - context_portal_mcp.core.workspace_detector - No workspace indicators found, using start path: C:\Users\nbgmf
2025-10-28 14:26:58,271 - INFO - context_portal_mcp.main - Workspace detection details: {'start_path': 'C:\\Users\\nbgmf', 'detected_workspace': 'C:\\Users\\nbgmf', 'context_portal_path': 'C:\\Users\\nbgmf\\context_portal', 'detection_method': 'fallback', 'indicators_found': [], 'environment_variables': {'VSCODE_WORKSPACE_FOLDER': None, 'CONPORT_WORKSPACE': None, 'PWD': None, 'CWD': 'C:\\Users\\nbgmf'}}
2025-10-28 14:26:58,271 - INFO - context_portal_mcp.main - Effective workspace ID: D:\Gawean Rebinmas\Monitoring Database\Laporan_Ifess_beda_transno\all_transaksi
2025-10-28 14:26:58,271 - INFO - context_portal_mcp.main - Pre-warming database connection for workspace: D:\Gawean Rebinmas\Monitoring Database\Laporan_Ifess_beda_transno\all_transaksi
2025-10-28 14:26:58,271 - INFO - context_portal_mcp.db.database - Alembic: Script directory D:\Gawean Rebinmas\Monitoring Database\Laporan_Ifess_beda_transno\all_transaksi\context_portal\alembic confirmed to exist by Python.
2025-10-28 14:26:58,271 - INFO - context_portal_mcp.db.database - Running Alembic migrations for database: D:\Gawean Rebinmas\Monitoring Database\Laporan_Ifess_beda_transno\all_transaksi\context_portal\context.db
